<?xml version="1.0" encoding="utf-8"?><testsuites name="pytest tests"><testsuite name="pytest" errors="0" failures="0" skipped="0" tests="21" time="3.270" timestamp="2026-05-15T05:33:14.760621+00:00" hostname="agent-env-505471b6-de35-45fa-9ffb-68fb4f85aa92"><testcase classname="backend.tests.test_visitors_v2.TestCategories" name="test_categories_shape" time="0.295" /><testcase classname="backend.tests.test_visitors_v2.TestVisitorCreate" name="test_factory_visit_ok" time="0.050" /><testcase classname="backend.tests.test_visitors_v2.TestVisitorCreate" name="test_factory_visit_invalid_department" time="0.048" /><testcase classname="backend.tests.test_visitors_v2.TestVisitorCreate" name="test_staff_visit_others_requires_assigned_to" time="0.098" /><testcase classname="backend.tests.test_visitors_v2.TestVisitorCreate" name="test_staff_visit_dept_employee_ok" time="0.048" /><testcase classname="backend.tests.test_visitors_v2.TestVisitorCreate" name="test_management_ok" time="0.048" /><testcase classname="backend.tests.test_visitors_v2.TestVisitorCreate" name="test_management_invalid_person" time="0.044" /><testcase classname="backend.tests.test_visitors_v2.TestEmployeeAuth" name="test_login_ok" time="0.109" /><testcase classname="backend.tests.test_visitors_v2.TestEmployeeAuth" name="test_login_wrong_password" time="0.104" /><testcase classname="backend.tests.test_visitors_v2.TestEmployeeAuth" name="test_login_unknown_email" time="0.047" /><testcase classname="backend.tests.test_visitors_v2.TestEmployeeAuth" name="test_me_ok" time="0.163" /><testcase classname="backend.tests.test_visitors_v2.TestEmployeeAuth" name="test_me_no_token" time="0.140" /><testcase classname="backend.tests.test_visitors_v2.TestEmployeeAuth" name="test_me_bad_token" time="0.122" /><testcase classname="backend.tests.test_visitors_v2.TestEmployeeAuth" name="test_employee_visitors_filtered_by_department" time="0.194" /><testcase classname="backend.tests.test_visitors_v2.TestStatusBearerAndLock" name="test_bearer_approve_by_assignee" time="0.254" /><testcase classname="backend.tests.test_visitors_v2.TestStatusBearerAndLock" name="test_bearer_forbidden_wrong_department" time="0.297" /><testcase classname="backend.tests.test_visitors_v2.TestStatusBearerAndLock" name="test_lock_409_after_admin_decides" time="0.255" /><testcase classname="backend.tests.test_visitors_v2.TestStatusBearerAndLock" name="test_admin_pin_still_works" time="0.166" /><testcase classname="backend.tests.test_visitors_v2.TestQrEntry" name="test_qr_entry_ok" time="0.127" /><testcase classname="backend.tests.test_visitors_v2.TestRegression" name="test_status_by_mobile" time="0.208" /><testcase classname="backend.tests.test_visitors_v2.TestRegression" name="test_admin_list" time="0.389" /></testsuite></testsuites>