<?xml version="1.0" encoding="utf-8"?><testsuites name="pytest tests"><testsuite name="pytest" errors="0" failures="0" skipped="0" tests="16" time="2.447" timestamp="2026-04-25T14:21:13.822214+00:00" hostname="agent-env-505471b6-de35-45fa-9ffb-68fb4f85aa92"><testcase classname="backend.tests.test_visitors.TestCreateVisitor" name="test_create_ok" time="0.252" /><testcase classname="backend.tests.test_visitors.TestCreateVisitor" name="test_missing_full_name" time="0.042" /><testcase classname="backend.tests.test_visitors.TestCreateVisitor" name="test_missing_purpose" time="0.244" /><testcase classname="backend.tests.test_visitors.TestCreateVisitor" name="test_missing_required_field" time="0.045" /><testcase classname="backend.tests.test_visitors.TestListAuth" name="test_no_pin_unauthorized" time="0.118" /><testcase classname="backend.tests.test_visitors.TestListAuth" name="test_wrong_pin" time="0.167" /><testcase classname="backend.tests.test_visitors.TestListAuth" name="test_right_pin" time="0.139" /><testcase classname="backend.tests.test_visitors.TestQueries" name="test_by_mobile" time="0.118" /><testcase classname="backend.tests.test_visitors.TestQueries" name="test_get_by_id" time="0.113" /><testcase classname="backend.tests.test_visitors.TestQueries" name="test_get_unknown_id_404" time="0.146" /><testcase classname="backend.tests.test_visitors.TestStatusUpdate" name="test_unauthorized" time="0.151" /><testcase classname="backend.tests.test_visitors.TestStatusUpdate" name="test_approve" time="0.267" /><testcase classname="backend.tests.test_visitors.TestStatusUpdate" name="test_reject_unknown" time="0.117" /><testcase classname="backend.tests.test_visitors.TestStatusUpdate" name="test_invalid_status" time="0.106" /><testcase classname="backend.tests.test_visitors.TestVerifyPin" name="test_correct" time="0.144" /><testcase classname="backend.tests.test_visitors.TestVerifyPin" name="test_wrong" time="0.121" /></testsuite></testsuites>